<?xml version="1.0" encoding="UTF-8"?>
<coverage generated="1625050200620" clover="3.2.0">
  <project timestamp="1625050200620" name="All files">
    <metrics statements="16" coveredstatements="16" conditionals="22" coveredconditionals="22" methods="1" coveredmethods="1" elements="39" coveredelements="39" complexity="0" loc="16" ncloc="16" packages="1" files="1" classes="1"/>
    <file name="pol.js" path="C:\node-projects\mach3\autolevel\pol.js">
      <metrics statements="16" coveredstatements="16" conditionals="22" coveredconditionals="22" methods="1" coveredmethods="1"/>
      <line num="7" count="10" type="stmt"/>
      <line num="9" count="10" type="cond" truecount="4" falsecount="0"/>
      <line num="10" count="9" type="cond" truecount="4" falsecount="0"/>
      <line num="11" count="4" type="cond" truecount="2" falsecount="0"/>
      <line num="12" count="1" type="stmt"/>
      <line num="14" count="3" type="stmt"/>
      <line num="16" count="5" type="cond" truecount="4" falsecount="0"/>
      <line num="17" count="2" type="cond" truecount="2" falsecount="0"/>
      <line num="18" count="1" type="stmt"/>
      <line num="20" count="1" type="stmt"/>
      <line num="22" count="3" type="cond" truecount="4" falsecount="0"/>
      <line num="23" count="2" type="cond" truecount="2" falsecount="0"/>
      <line num="24" count="1" type="stmt"/>
      <line num="26" count="1" type="stmt"/>
      <line num="29" count="1" type="stmt"/>
      <line num="31" count="9" type="stmt"/>
    </file>
  </project>
</coverage>
