{"C:\\node-projects\\mach3\\autolevel\\pol.js": {"path":"C:\\node-projects\\mach3\\autolevel\\pol.js","statementMap":{"0":{"start":{"line":7,"column":19},"end":{"line":7,"column":20}},"1":{"start":{"line":9,"column":2},"end":{"line":9,"column":60}},"2":{"start":{"line":9,"column":26},"end":{"line":9,"column":60}},"3":{"start":{"line":10,"column":2},"end":{"line":30,"column":3}},"4":{"start":{"line":11,"column":4},"end":{"line":15,"column":5}},"5":{"start":{"line":12,"column":6},"end":{"line":12,"column":22}},"6":{"start":{"line":14,"column":6},"end":{"line":14,"column":29}},"7":{"start":{"line":16,"column":9},"end":{"line":30,"column":3}},"8":{"start":{"line":17,"column":4},"end":{"line":21,"column":5}},"9":{"start":{"line":18,"column":6},"end":{"line":18,"column":18}},"10":{"start":{"line":20,"column":6},"end":{"line":20,"column":44}},"11":{"start":{"line":22,"column":9},"end":{"line":30,"column":3}},"12":{"start":{"line":23,"column":4},"end":{"line":27,"column":5}},"13":{"start":{"line":24,"column":6},"end":{"line":24,"column":28}},"14":{"start":{"line":26,"column":6},"end":{"line":26,"column":39}},"15":{"start":{"line":29,"column":4},"end":{"line":29,"column":48}},"16":{"start":{"line":31,"column":2},"end":{"line":31,"column":76}}},"fnMap":{"0":{"name":"pol","decl":{"start":{"line":6,"column":16},"end":{"line":6,"column":19}},"loc":{"start":{"line":6,"column":23},"end":{"line":32,"column":1}},"line":6}},"branchMap":{"0":{"loc":{"start":{"line":9,"column":2},"end":{"line":9,"column":60}},"type":"if","locations":[{"start":{"line":9,"column":2},"end":{"line":9,"column":60}},{"start":{"line":9,"column":2},"end":{"line":9,"column":60}}],"line":9},"1":{"loc":{"start":{"line":9,"column":6},"end":{"line":9,"column":24}},"type":"binary-expr","locations":[{"start":{"line":9,"column":6},"end":{"line":9,"column":13}},{"start":{"line":9,"column":17},"end":{"line":9,"column":24}}],"line":9},"2":{"loc":{"start":{"line":10,"column":2},"end":{"line":30,"column":3}},"type":"if","locations":[{"start":{"line":10,"column":2},"end":{"line":30,"column":3}},{"start":{"line":10,"column":2},"end":{"line":30,"column":3}}],"line":10},"3":{"loc":{"start":{"line":10,"column":6},"end":{"line":10,"column":24}},"type":"binary-expr","locations":[{"start":{"line":10,"column":6},"end":{"line":10,"column":13}},{"start":{"line":10,"column":17},"end":{"line":10,"column":24}}],"line":10},"4":{"loc":{"start":{"line":11,"column":4},"end":{"line":15,"column":5}},"type":"if","locations":[{"start":{"line":11,"column":4},"end":{"line":15,"column":5}},{"start":{"line":11,"column":4},"end":{"line":15,"column":5}}],"line":11},"5":{"loc":{"start":{"line":16,"column":9},"end":{"line":30,"column":3}},"type":"if","locations":[{"start":{"line":16,"column":9},"end":{"line":30,"column":3}},{"start":{"line":16,"column":9},"end":{"line":30,"column":3}}],"line":16},"6":{"loc":{"start":{"line":16,"column":13},"end":{"line":16,"column":31}},"type":"binary-expr","locations":[{"start":{"line":16,"column":13},"end":{"line":16,"column":20}},{"start":{"line":16,"column":24},"end":{"line":16,"column":31}}],"line":16},"7":{"loc":{"start":{"line":17,"column":4},"end":{"line":21,"column":5}},"type":"if","locations":[{"start":{"line":17,"column":4},"end":{"line":21,"column":5}},{"start":{"line":17,"column":4},"end":{"line":21,"column":5}}],"line":17},"8":{"loc":{"start":{"line":22,"column":9},"end":{"line":30,"column":3}},"type":"if","locations":[{"start":{"line":22,"column":9},"end":{"line":30,"column":3}},{"start":{"line":22,"column":9},"end":{"line":30,"column":3}}],"line":22},"9":{"loc":{"start":{"line":22,"column":13},"end":{"line":22,"column":31}},"type":"binary-expr","locations":[{"start":{"line":22,"column":13},"end":{"line":22,"column":20}},{"start":{"line":22,"column":24},"end":{"line":22,"column":31}}],"line":22},"10":{"loc":{"start":{"line":23,"column":4},"end":{"line":27,"column":5}},"type":"if","locations":[{"start":{"line":23,"column":4},"end":{"line":27,"column":5}},{"start":{"line":23,"column":4},"end":{"line":27,"column":5}}],"line":23}},"s":{"0":28,"1":28,"2":1,"3":27,"4":12,"5":6,"6":6,"7":15,"8":9,"9":6,"10":3,"11":6,"12":3,"13":1,"14":2,"15":3,"16":27},"f":{"0":28},"b":{"0":[1,27],"1":[28,8],"2":[12,15],"3":[27,16],"4":[6,6],"5":[9,6],"6":[15,12],"7":[6,3],"8":[3,3],"9":[6,3],"10":[1,2]},"_coverageSchema":"1a1c01bbd47fc00a2c39e90264f33305004495a9","hash":"d33c5033e72d0ea8ee7fb2005c5de12c015ad49e"}
,"C:\\node-projects\\mach3\\autolevel\\splitArc.js": {"path":"C:\\node-projects\\mach3\\autolevel\\splitArc.js","statementMap":{"0":{"start":{"line":11,"column":2},"end":{"line":11,"column":10}},"1":{"start":{"line":12,"column":2},"end":{"line":12,"column":10}},"2":{"start":{"line":13,"column":2},"end":{"line":13,"column":31}},"3":{"start":{"line":14,"column":2},"end":{"line":14,"column":31}},"4":{"start":{"line":15,"column":2},"end":{"line":15,"column":37}},"5":{"start":{"line":16,"column":2},"end":{"line":16,"column":37}},"6":{"start":{"line":17,"column":2},"end":{"line":17,"column":32}},"7":{"start":{"line":18,"column":2},"end":{"line":18,"column":38}},"8":{"start":{"line":19,"column":2},"end":{"line":19,"column":10}},"9":{"start":{"line":20,"column":2},"end":{"line":22,"column":4}},"10":{"start":{"line":23,"column":2},"end":{"line":26,"column":3}},"11":{"start":{"line":25,"column":4},"end":{"line":25,"column":14}},"12":{"start":{"line":27,"column":2},"end":{"line":29,"column":3}},"13":{"start":{"line":28,"column":4},"end":{"line":28,"column":14}},"14":{"start":{"line":30,"column":2},"end":{"line":30,"column":19}},"15":{"start":{"line":31,"column":2},"end":{"line":31,"column":19}},"16":{"start":{"line":32,"column":2},"end":{"line":32,"column":13}},"17":{"start":{"line":33,"column":2},"end":{"line":33,"column":13}},"18":{"start":{"line":34,"column":2},"end":{"line":34,"column":11}},"19":{"start":{"line":35,"column":2},"end":{"line":40,"column":3}},"20":{"start":{"line":37,"column":4},"end":{"line":37,"column":36}},"21":{"start":{"line":38,"column":4},"end":{"line":38,"column":36}},"22":{"start":{"line":39,"column":4},"end":{"line":39,"column":19}},"23":{"start":{"line":41,"column":2},"end":{"line":46,"column":3}},"24":{"start":{"line":43,"column":4},"end":{"line":43,"column":36}},"25":{"start":{"line":44,"column":4},"end":{"line":44,"column":36}},"26":{"start":{"line":45,"column":4},"end":{"line":45,"column":28}},"27":{"start":{"line":47,"column":2},"end":{"line":47,"column":13}},"28":{"start":{"line":56,"column":11},"end":{"line":56,"column":26}},"29":{"start":{"line":58,"column":16},"end":{"line":61,"column":4}},"30":{"start":{"line":62,"column":14},"end":{"line":65,"column":4}},"31":{"start":{"line":67,"column":2},"end":{"line":75,"column":3}},"32":{"start":{"line":68,"column":4},"end":{"line":70,"column":5}},"33":{"start":{"line":69,"column":6},"end":{"line":69,"column":34}},"34":{"start":{"line":72,"column":4},"end":{"line":74,"column":5}},"35":{"start":{"line":73,"column":6},"end":{"line":73,"column":34}},"36":{"start":{"line":77,"column":14},"end":{"line":80,"column":3}},"37":{"start":{"line":81,"column":2},"end":{"line":97,"column":3}},"38":{"start":{"line":82,"column":13},"end":{"line":90,"column":6}},"39":{"start":{"line":84,"column":20},"end":{"line":84,"column":77}},"40":{"start":{"line":85,"column":6},"end":{"line":89,"column":7}},"41":{"start":{"line":86,"column":8},"end":{"line":86,"column":70}},"42":{"start":{"line":88,"column":8},"end":{"line":88,"column":70}},"43":{"start":{"line":91,"column":4},"end":{"line":96,"column":5}},"44":{"start":{"line":92,"column":6},"end":{"line":94,"column":7}},"45":{"start":{"line":93,"column":8},"end":{"line":93,"column":55}},"46":{"start":{"line":95,"column":6},"end":{"line":95,"column":19}},"47":{"start":{"line":98,"column":2},"end":{"line":98,"column":14}}},"fnMap":{"0":{"name":"inteceptCircleLineSeg","decl":{"start":{"line":9,"column":16},"end":{"line":9,"column":37}},"loc":{"start":{"line":9,"column":52},"end":{"line":48,"column":1}},"line":9},"1":{"name":"inteceptArcLineSeg","decl":{"start":{"line":55,"column":16},"end":{"line":55,"column":34}},"loc":{"start":{"line":55,"column":51},"end":{"line":99,"column":1}},"line":55},"2":{"name":"(anonymous_2)","decl":{"start":{"line":82,"column":26},"end":{"line":82,"column":27}},"loc":{"start":{"line":82,"column":34},"end":{"line":90,"column":5}},"line":82}},"branchMap":{"0":{"loc":{"start":{"line":23,"column":2},"end":{"line":26,"column":3}},"type":"if","locations":[{"start":{"line":23,"column":2},"end":{"line":26,"column":3}},{"start":{"line":23,"column":2},"end":{"line":26,"column":3}}],"line":23},"1":{"loc":{"start":{"line":27,"column":2},"end":{"line":29,"column":3}},"type":"if","locations":[{"start":{"line":27,"column":2},"end":{"line":29,"column":3}},{"start":{"line":27,"column":2},"end":{"line":29,"column":3}}],"line":27},"2":{"loc":{"start":{"line":35,"column":2},"end":{"line":40,"column":3}},"type":"if","locations":[{"start":{"line":35,"column":2},"end":{"line":40,"column":3}},{"start":{"line":35,"column":2},"end":{"line":40,"column":3}}],"line":35},"3":{"loc":{"start":{"line":35,"column":6},"end":{"line":35,"column":24}},"type":"binary-expr","locations":[{"start":{"line":35,"column":6},"end":{"line":35,"column":13}},{"start":{"line":35,"column":17},"end":{"line":35,"column":24}}],"line":35},"4":{"loc":{"start":{"line":41,"column":2},"end":{"line":46,"column":3}},"type":"if","locations":[{"start":{"line":41,"column":2},"end":{"line":46,"column":3}},{"start":{"line":41,"column":2},"end":{"line":46,"column":3}}],"line":41},"5":{"loc":{"start":{"line":41,"column":6},"end":{"line":41,"column":24}},"type":"binary-expr","locations":[{"start":{"line":41,"column":6},"end":{"line":41,"column":13}},{"start":{"line":41,"column":17},"end":{"line":41,"column":24}}],"line":41},"6":{"loc":{"start":{"line":56,"column":13},"end":{"line":56,"column":25}},"type":"binary-expr","locations":[{"start":{"line":56,"column":13},"end":{"line":56,"column":16}},{"start":{"line":56,"column":20},"end":{"line":56,"column":25}}],"line":56},"7":{"loc":{"start":{"line":67,"column":2},"end":{"line":75,"column":3}},"type":"if","locations":[{"start":{"line":67,"column":2},"end":{"line":75,"column":3}},{"start":{"line":67,"column":2},"end":{"line":75,"column":3}}],"line":67},"8":{"loc":{"start":{"line":68,"column":4},"end":{"line":70,"column":5}},"type":"if","locations":[{"start":{"line":68,"column":4},"end":{"line":70,"column":5}},{"start":{"line":68,"column":4},"end":{"line":70,"column":5}}],"line":68},"9":{"loc":{"start":{"line":72,"column":4},"end":{"line":74,"column":5}},"type":"if","locations":[{"start":{"line":72,"column":4},"end":{"line":74,"column":5}},{"start":{"line":72,"column":4},"end":{"line":74,"column":5}}],"line":72},"10":{"loc":{"start":{"line":81,"column":2},"end":{"line":97,"column":3}},"type":"if","locations":[{"start":{"line":81,"column":2},"end":{"line":97,"column":3}},{"start":{"line":81,"column":2},"end":{"line":97,"column":3}}],"line":81},"11":{"loc":{"start":{"line":85,"column":6},"end":{"line":89,"column":7}},"type":"if","locations":[{"start":{"line":85,"column":6},"end":{"line":89,"column":7}},{"start":{"line":85,"column":6},"end":{"line":89,"column":7}}],"line":85},"12":{"loc":{"start":{"line":86,"column":15},"end":{"line":86,"column":69}},"type":"binary-expr","locations":[{"start":{"line":86,"column":15},"end":{"line":86,"column":41}},{"start":{"line":86,"column":45},"end":{"line":86,"column":69}}],"line":86},"13":{"loc":{"start":{"line":88,"column":15},"end":{"line":88,"column":69}},"type":"binary-expr","locations":[{"start":{"line":88,"column":15},"end":{"line":88,"column":41}},{"start":{"line":88,"column":45},"end":{"line":88,"column":69}}],"line":88},"14":{"loc":{"start":{"line":91,"column":4},"end":{"line":96,"column":5}},"type":"if","locations":[{"start":{"line":91,"column":4},"end":{"line":96,"column":5}},{"start":{"line":91,"column":4},"end":{"line":96,"column":5}}],"line":91},"15":{"loc":{"start":{"line":92,"column":6},"end":{"line":94,"column":7}},"type":"if","locations":[{"start":{"line":92,"column":6},"end":{"line":94,"column":7}},{"start":{"line":92,"column":6},"end":{"line":94,"column":7}}],"line":92}},"s":{"0":13,"1":13,"2":13,"3":13,"4":13,"5":13,"6":13,"7":13,"8":13,"9":13,"10":13,"11":1,"12":12,"13":1,"14":11,"15":11,"16":11,"17":11,"18":11,"19":11,"20":2,"21":2,"22":2,"23":11,"24":10,"25":10,"26":10,"27":11,"28":6,"29":6,"30":6,"31":6,"32":5,"33":1,"34":1,"35":1,"36":6,"37":6,"38":6,"39":6,"40":6,"41":5,"42":1,"43":6,"44":2,"45":0,"46":2,"47":4},"f":{"0":13,"1":6,"2":6},"b":{"0":[1,12],"1":[1,11],"2":[2,9],"3":[11,11],"4":[10,1],"5":[11,10],"6":[6,5],"7":[5,1],"8":[1,4],"9":[1,0],"10":[6,0],"11":[5,1],"12":[5,3],"13":[1,0],"14":[2,4],"15":[0,2]},"_coverageSchema":"1a1c01bbd47fc00a2c39e90264f33305004495a9","hash":"914856ff1a2d4e94362cf3355b44a69012ac5709"}
}
