TN:
SF:autolevel\pol.js
FN:6,pol
FNF:1
FNH:1
FNDA:10,pol
DA:7,10
DA:9,10
DA:10,9
DA:11,4
DA:12,1
DA:14,3
DA:16,5
DA:17,2
DA:18,1
DA:20,1
DA:22,3
DA:23,2
DA:24,1
DA:26,1
DA:29,1
DA:31,9
LF:16
LH:16
BRDA:9,0,0,1
BRDA:9,0,1,9
BRDA:9,1,0,10
BRDA:9,1,1,3
BRDA:10,2,0,4
BRDA:10,2,1,5
BRDA:10,3,0,9
BRDA:10,3,1,6
BRDA:11,4,0,1
BRDA:11,4,1,3
BRDA:16,5,0,2
BRDA:16,5,1,3
BRDA:16,6,0,5
BRDA:16,6,1,4
BRDA:17,7,0,1
BRDA:17,7,1,1
BRDA:22,8,0,2
BRDA:22,8,1,1
BRDA:22,9,0,3
BRDA:22,9,1,2
BRDA:23,10,0,1
BRDA:23,10,1,1
BRF:22
BRH:22
end_of_record
