TN:
SF:autolevel\pol.js
FN:6,pol
FNF:1
FNH:1
FNDA:28,pol
DA:7,28
DA:9,28
DA:10,27
DA:11,12
DA:12,6
DA:14,6
DA:16,15
DA:17,9
DA:18,6
DA:20,3
DA:22,6
DA:23,3
DA:24,1
DA:26,2
DA:29,3
DA:31,27
LF:16
LH:16
BRDA:9,0,0,1
BRDA:9,0,1,27
BRDA:9,1,0,28
BRDA:9,1,1,8
BRDA:10,2,0,12
BRDA:10,2,1,15
BRDA:10,3,0,27
BRDA:10,3,1,16
BRDA:11,4,0,6
BRDA:11,4,1,6
BRDA:16,5,0,9
BRDA:16,5,1,6
BRDA:16,6,0,15
BRDA:16,6,1,12
BRDA:17,7,0,6
BRDA:17,7,1,3
BRDA:22,8,0,3
BRDA:22,8,1,3
BRDA:22,9,0,6
BRDA:22,9,1,3
BRDA:23,10,0,1
BRDA:23,10,1,2
BRF:22
BRH:22
end_of_record
TN:
SF:autolevel\splitArc.js
FN:9,inteceptCircleLineSeg
FN:55,inteceptArcLineSeg
FN:82,(anonymous_2)
FNF:3
FNH:3
FNDA:13,inteceptCircleLineSeg
FNDA:6,inteceptArcLineSeg
FNDA:6,(anonymous_2)
DA:11,13
DA:12,13
DA:13,13
DA:14,13
DA:15,13
DA:16,13
DA:17,13
DA:18,13
DA:19,13
DA:20,13
DA:23,13
DA:25,1
DA:27,12
DA:28,1
DA:30,11
DA:31,11
DA:32,11
DA:33,11
DA:34,11
DA:35,11
DA:37,2
DA:38,2
DA:39,2
DA:41,11
DA:43,10
DA:44,10
DA:45,10
DA:47,11
DA:56,6
DA:58,6
DA:62,6
DA:67,6
DA:68,5
DA:69,1
DA:72,1
DA:73,1
DA:77,6
DA:81,6
DA:82,6
DA:84,6
DA:85,6
DA:86,5
DA:88,1
DA:91,6
DA:92,2
DA:93,0
DA:95,2
DA:98,4
LF:48
LH:47
BRDA:23,0,0,1
BRDA:23,0,1,12
BRDA:27,1,0,1
BRDA:27,1,1,11
BRDA:35,2,0,2
BRDA:35,2,1,9
BRDA:35,3,0,11
BRDA:35,3,1,11
BRDA:41,4,0,10
BRDA:41,4,1,1
BRDA:41,5,0,11
BRDA:41,5,1,10
BRDA:56,6,0,6
BRDA:56,6,1,5
BRDA:67,7,0,5
BRDA:67,7,1,1
BRDA:68,8,0,1
BRDA:68,8,1,4
BRDA:72,9,0,1
BRDA:72,9,1,0
BRDA:81,10,0,6
BRDA:81,10,1,0
BRDA:85,11,0,5
BRDA:85,11,1,1
BRDA:86,12,0,5
BRDA:86,12,1,3
BRDA:88,13,0,1
BRDA:88,13,1,0
BRDA:91,14,0,2
BRDA:91,14,1,4
BRDA:92,15,0,0
BRDA:92,15,1,2
BRF:32
BRH:28
end_of_record
